V |                      | ArgumentsFromParametersFile.OnBuildCreated (150)
V |                      | Passing value for Build.Solution (IDPNukeSln.sln)
V |                      | HandleReSharperSurrogateArguments.OnBuildCreated (150)
V |                      | InjectParameterValues.OnBuildCreated (100)
V |                      | HandleShellCompletion.OnBuildCreated (75)
V |                      | GenerateBuildServerConfigurations.OnBuildCreated (50)
V |                      | InvokeBuildServerConfigurationGeneration.OnBuildCreated (45)
V |                      | UpdateNotification.OnBuildCreated (10)
V |                      | UnsetVisualStudioEnvironmentVariables.OnBuildCreated (0)
V |                      | HandleVisualStudioDebugging.OnBuildCreated (0)
V |                      | EventInvoker.OnBuildCreated (-3.4028235E+38)
V |                      | HandlePlanRequests.OnBuildInitialized (10)
V |                      | HandleHelpRequests.OnBuildInitialized (5)
V |                      | Telemetry.OnBuildInitialized (0)
V |                      | Sending BuildStarted telemetry event ...
V |                      |   build_components         = 
V |                      |   build_type               = Project
V |                      |   compile_time             = 3
V |                      |   config_generators        = 
V |                      |   host                     = Rider
V |                      |   num_custom_components    = 0
V |                      |   num_custom_extensions    = 0
V |                      |   num_partitioned_targets  = 0
V |                      |   num_secrets              = 0
V |                      |   num_targets              = 1
V |                      |   os_architecture          = X64
V |                      |   os_platform              = Windows
V |                      |   target_framework         = .NETCoreApp,Version=v6.0
V |                      |   version_dotnet_sdk       = 6.0.407
V |                      |   version_nuke_common      = 8.0.0
V |                      |   version_nuke_global_tool = 8.0.0
V |                      | InjectNonParameterValues.OnBuildInitialized (-100)
V |                      | EventInvoker.OnBuildInitialized (-3.4028235E+38)
V | Deploy               | EventInvoker.OnTargetRunning (-3.4028235E+38)
I | Deploy               | Deploying function dotnet lambda deploy-function IDPNuke --profile default -pl D:\RiderProjects\IDPNukeSln\src\IDPNuke --region eu-central-1 -frole arn:aws:iam::381614992857:role/AlarmRole -fd "AlarmMap - Ukraine. Lambda function for monitoring the status of the air raid warnings in Ukraine." -fms 128
I | Deploy               | Deployed
V | Deploy               | Telemetry.OnTargetSucceeded (0)
V | Deploy               | EventInvoker.OnTargetSucceeded (-3.4028235E+38)
V |                      | UpdateNotification.OnBuildFinished (10)
V |                      | SerializeBuildServerState.OnBuildFinished (0)
V |                      | EventInvoker.OnBuildFinished (-3.4028235E+38)
